Array
(
    [sql] => SELECT * FROM x2_session WHERE  sessionid = :sessionid  LIMIT 512
    [v] => Array
        (
            [sessionid] => 73br42qfjchf5e4mo8fhrp81e3
        )

)
Array
(
    [0] => 00000
    [1] => 
    [2] => 
)
Array
(
    [sql] => SELECT * FROM x2_user AS user,x2_user_group AS user_group WHERE  user.userid = :id  AND user.usergroupid = user_group.groupid  LIMIT 512
    [v] => Array
        (
            [id] => 
        )

)
Array
(
    [0] => 00000
    [1] => 
    [2] => 
)
Array
(
    [sql] => SELECT * FROM x2_category WHERE  catapp = :catapp  ORDER BY catlite DESC,catid DESC
    [v] => Array
        (
            [catapp] => content
        )

)
Array
(
    [0] => 00000
    [1] => 
    [2] => 
)
Array
(
    [sql] => SELECT * FROM x2_category WHERE  catindex > 0  AND catapp = :catapp  ORDER BY catlite DESC,catid DESC
    [v] => Array
        (
            [catapp] => content
        )

)
Array
(
    [0] => 00000
    [1] => 
    [2] => 
)
Array
(
    [sql] => SELECT * FROM x2_category WHERE  catapp = :catapp  ORDER BY catlite DESC,catid DESC
    [v] => Array
        (
            [catapp] => content
        )

)
Array
(
    [0] => 00000
    [1] => 
    [2] => 
)
Array
(
    [sql] => SELECT * FROM x2_content WHERE  find_in_set(contentcatid,:catstring)  ORDER BY contentsequence DESC,contentinputtime DESC,contentid DESC LIMIT 0,10
    [v] => Array
        (
            [catstring] => 1
        )

)
Array
(
    [0] => 00000
    [1] => 
    [2] => 
)
Array
(
    [sql] => SELECT count(*) AS number FROM x2_content WHERE  find_in_set(contentcatid,:catstring)  LIMIT 512
    [v] => Array
        (
            [catstring] => 1
        )

)
Array
(
    [0] => 00000
    [1] => 
    [2] => 
)
Array
(
    [sql] => SELECT * FROM x2_content WHERE  find_in_set(contentcatid,:catstring)  ORDER BY contentsequence DESC,contentinputtime DESC,contentid DESC LIMIT 0,3
    [v] => Array
        (
            [catstring] => 2
        )

)
Array
(
    [0] => 00000
    [1] => 
    [2] => 
)
Array
(
    [sql] => SELECT count(*) AS number FROM x2_content WHERE  find_in_set(contentcatid,:catstring)  LIMIT 512
    [v] => Array
        (
            [catstring] => 2
        )

)
Array
(
    [0] => 00000
    [1] => 
    [2] => 
)
Array
(
    [sql] => SELECT count(*) AS number,ehusername,max(ehscore) as ehscore FROM x2_examhistory WHERE  ehstarttime >= :ehstarttime  GROUP BY ehuserid ORDER BY number DESC LIMIT 10
    [v] => Array
        (
            [ehstarttime] => 1488513613
        )

)
Array
(
    [0] => 00000
    [1] => 
    [2] => 
)
Array
(
    [sql] => SELECT count(*) AS number,ehusername,max(ehscore) as ehscore FROM x2_examhistory WHERE  ehstarttime >= :ehstarttime  GROUP BY ehuserid ORDER BY number DESC LIMIT 10
    [v] => Array
        (
            [ehstarttime] => 1486526413
        )

)
Array
(
    [0] => 00000
    [1] => 
    [2] => 
)
Array
(
    [sql] => SELECT count(*) AS number,ehbasicid FROM x2_examhistory WHERE  ehstarttime >= :ehstarttime  GROUP BY ehbasicid ORDER BY number DESC LIMIT 6
    [v] => Array
        (
            [ehstarttime] => 1487390413
        )

)
Array
(
    [0] => 00000
    [1] => 
    [2] => 
)
Array
(
    [sql] => SELECT * FROM x2_basic WHERE  find_in_set(basicid,:ids)  LIMIT 512
    [v] => Array
        (
            [ids] => 1
        )

)
Array
(
    [0] => 00000
    [1] => 
    [2] => 
)
Array
(
    [sql] => SELECT * FROM x2_basic WHERE 1 ORDER BY basicid DESC LIMIT 0,6
    [v] => 
)
Array
(
    [0] => 00000
    [1] => 
    [2] => 
)
Array
(
    [sql] => SELECT count(*) AS number FROM x2_basic WHERE 1 LIMIT 512
    [v] => 
)
Array
(
    [0] => 00000
    [1] => 
    [2] => 
)
